<?xml version="1.0" encoding="UTF-8"?>
<testsuite xmlns:xsi="http://www.w3.org/2001/XMLSchema-instance" xsi:noNamespaceSchemaLocation="https://maven.apache.org/surefire/maven-surefire-plugin/xsd/surefire-test-report.xsd" version="3.0.2" name="com.app.yummy.YummyApplicationTests" time="8.169" tests="1" errors="0" skipped="0" failures="0">
  <properties>
[...]
</properties>
  <testcase name="contextLoads" classname="com.app.yummy.YummyApplicationTests" time="0.449">
    <system-out><![CDATA[10:14:52.522 [main] INFO org.springframework.test.context.support.AnnotationConfigContextLoaderUtils -- Could not detect default configuration classes for test class [com.app.yummy.YummyApplicationTests]: YummyApplicationTests does not declare any static, non-private, non-final, nested classes annotated with @Configuration.
10:14:52.709 [main] INFO org.springframework.boot.test.context.SpringBootTestContextBootstrapper -- Found @SpringBootConfiguration com.app.yummy.YummyApplication for test class com.app.yummy.YummyApplicationTests

  .   ____          _            __ _ _
 /\\ / ___'_ __ _ _(_)_ __  __ _ \ \ \ \
( ( )\___ | '_ | '_| | '_ \/ _` | \ \ \ \
 \\/  ___)| |_)| | | | | || (_| |  ) ) ) )
  '  |____| .__|_| |_|_| |_\__, | / / / /
 =========|_|==============|___/=/_/_/_/

 :: Spring Boot ::                (v3.5.4)

2025-08-29T10:14:54.393-03:00  INFO 23488 --- [           main] com.app.yummy.YummyApplicationTests      : Starting YummyApplicationTests using Java 21.0.8 with PID 23488 (started by aleja in C:\Users\aleja\Desktop\Nova pasta\yummyapp-fullstack\appYummyDAWI)
2025-08-29T10:14:54.395-03:00  INFO 23488 --- [           main] com.app.yummy.YummyApplicationTests      : No active profile set, falling back to 1 default profile: "default"
2025-08-29T10:14:55.678-03:00  INFO 23488 --- [           main] .s.d.r.c.RepositoryConfigurationDelegate : Bootstrapping Spring Data JPA repositories in DEFAULT mode.
2025-08-29T10:14:55.780-03:00  INFO 23488 --- [           main] .s.d.r.c.RepositoryConfigurationDelegate : Finished Spring Data repository scanning in 90 ms. Found 2 JPA repository interfaces.
2025-08-29T10:14:56.753-03:00  INFO 23488 --- [           main] com.zaxxer.hikari.HikariDataSource       : HikariPool-1 - Starting...
2025-08-29T10:14:57.047-03:00  INFO 23488 --- [           main] com.zaxxer.hikari.pool.HikariPool        : HikariPool-1 - Added connection com.mysql.cj.jdbc.ConnectionImpl@45e140ae
2025-08-29T10:14:57.050-03:00  INFO 23488 --- [           main] com.zaxxer.hikari.HikariDataSource       : HikariPool-1 - Start completed.
2025-08-29T10:14:57.102-03:00  INFO 23488 --- [           main] o.hibernate.jpa.internal.util.LogHelper  : HHH000204: Processing PersistenceUnitInfo [name: default]
2025-08-29T10:14:57.183-03:00  INFO 23488 --- [           main] org.hibernate.Version                    : HHH000412: Hibernate ORM core version 6.6.22.Final
2025-08-29T10:14:57.238-03:00  INFO 23488 --- [           main] o.h.c.internal.RegionFactoryInitiator    : HHH000026: Second-level cache disabled
2025-08-29T10:14:57.659-03:00  INFO 23488 --- [           main] o.s.o.j.p.SpringPersistenceUnitInfo      : No LoadTimeWeaver setup: ignoring JPA class transformer
2025-08-29T10:14:57.768-03:00  WARN 23488 --- [           main] org.hibernate.orm.deprecation            : HHH90000025: MySQL8Dialect does not need to be specified explicitly using 'hibernate.dialect' (remove the property setting and it will be selected by default)
2025-08-29T10:14:57.770-03:00  WARN 23488 --- [           main] org.hibernate.orm.deprecation            : HHH90000026: MySQL8Dialect has been deprecated; use org.hibernate.dialect.MySQLDialect instead
2025-08-29T10:14:57.799-03:00  INFO 23488 --- [           main] org.hibernate.orm.connections.pooling    : HHH10001005: Database info:
	Database JDBC URL [Connecting through datasource 'HikariDataSource (HikariPool-1)']
	Database driver: undefined/unknown
	Database version: 8.0
	Autocommit mode: undefined/unknown
	Isolation level: undefined/unknown
	Minimum pool size: undefined/unknown
	Maximum pool size: undefined/unknown
2025-08-29T10:14:57.813-03:00 DEBUG 23488 --- [           main] o.h.t.d.sql.spi.DdlTypeRegistry          : addDescriptor(12, org.hibernate.type.descriptor.sql.internal.CapacityDependentDdlType@60bc308b) replaced previous registration(org.hibernate.type.descriptor.sql.internal.CapacityDependentDdlType@56499781)
2025-08-29T10:14:57.813-03:00 DEBUG 23488 --- [           main] o.h.t.d.sql.spi.DdlTypeRegistry          : addDescriptor(-9, org.hibernate.type.descriptor.sql.internal.CapacityDependentDdlType@43f99817) replaced previous registration(org.hibernate.type.descriptor.sql.internal.CapacityDependentDdlType@2a2798a2)
2025-08-29T10:14:57.814-03:00 DEBUG 23488 --- [           main] o.h.t.d.sql.spi.DdlTypeRegistry          : addDescriptor(-3, org.hibernate.type.descriptor.sql.internal.CapacityDependentDdlType@2b9ecd05) replaced previous registration(org.hibernate.type.descriptor.sql.internal.CapacityDependentDdlType@31f1b268)
2025-08-29T10:14:57.814-03:00 DEBUG 23488 --- [           main] o.h.t.d.sql.spi.DdlTypeRegistry          : addDescriptor(4003, org.hibernate.type.descriptor.sql.internal.DdlTypeImpl@3ec7ad61) replaced previous registration(org.hibernate.type.descriptor.sql.internal.DdlTypeImpl@2833c093)
2025-08-29T10:14:57.814-03:00 DEBUG 23488 --- [           main] o.h.t.d.sql.spi.DdlTypeRegistry          : addDescriptor(4001, org.hibernate.type.descriptor.sql.internal.DdlTypeImpl@7598d675) replaced previous registration(org.hibernate.type.descriptor.sql.internal.DdlTypeImpl@4946485c)
2025-08-29T10:14:57.814-03:00 DEBUG 23488 --- [           main] o.h.t.d.sql.spi.DdlTypeRegistry          : addDescriptor(4002, org.hibernate.type.descriptor.sql.internal.DdlTypeImpl@4ae958b0) replaced previous registration(org.hibernate.type.descriptor.sql.internal.DdlTypeImpl@7c682e26)
2025-08-29T10:14:57.814-03:00 DEBUG 23488 --- [           main] o.h.t.d.sql.spi.DdlTypeRegistry          : addDescriptor(2004, org.hibernate.type.descriptor.sql.internal.CapacityDependentDdlType@4ff074a0) replaced previous registration(org.hibernate.type.descriptor.sql.internal.DdlTypeImpl@340fc1aa)
2025-08-29T10:14:57.815-03:00 DEBUG 23488 --- [           main] o.h.t.d.sql.spi.DdlTypeRegistry          : addDescriptor(2005, org.hibernate.type.descriptor.sql.internal.CapacityDependentDdlType@34a33343) replaced previous registration(org.hibernate.type.descriptor.sql.internal.DdlTypeImpl@98722ef)
2025-08-29T10:14:57.815-03:00 DEBUG 23488 --- [           main] o.h.t.d.sql.spi.DdlTypeRegistry          : addDescriptor(2011, org.hibernate.type.descriptor.sql.internal.CapacityDependentDdlType@459e120b) replaced previous registration(org.hibernate.type.descriptor.sql.internal.DdlTypeImpl@fd69983)
2025-08-29T10:14:58.532-03:00  INFO 23488 --- [           main] o.h.e.t.j.p.i.JtaPlatformInitiator       : HHH000489: No JTA platform available (set 'hibernate.transaction.jta.platform' to enable JTA platform integration)
2025-08-29T10:14:58.535-03:00  INFO 23488 --- [           main] j.LocalContainerEntityManagerFactoryBean : Initialized JPA EntityManagerFactory for persistence unit 'default'
2025-08-29T10:14:58.877-03:00  WARN 23488 --- [           main] JpaBaseConfiguration$JpaWebConfiguration : spring.jpa.open-in-view is enabled by default. Therefore, database queries may be performed during view rendering. Explicitly configure spring.jpa.open-in-view to disable this warning
2025-08-29T10:14:58.954-03:00  WARN 23488 --- [           main] .s.s.UserDetailsServiceAutoConfiguration : 

Using generated security password: aeaf0e76-a7e2-4e42-92a3-ee556e2eda77

This generated password is for development use only. Your security configuration must be updated before running your application in production.

2025-08-29T10:14:58.968-03:00  INFO 23488 --- [           main] r$InitializeUserDetailsManagerConfigurer : Global AuthenticationManager configured with UserDetailsService bean with name inMemoryUserDetailsManager
2025-08-29T10:15:00.041-03:00  INFO 23488 --- [           main] com.app.yummy.YummyApplicationTests      : Started YummyApplicationTests in 7.038 seconds (process running for 8.284)
]]></system-out>
    <system-err><![CDATA[Mockito is currently self-attaching to enable the inline-mock-maker. This will no longer work in future releases of the JDK. Please add Mockito as an agent to your build as described in Mockito's documentation: https://javadoc.io/doc/org.mockito/mockito-core/latest/org.mockito/org/mockito/Mockito.html#0.3
WARNING: A Java agent has been loaded dynamically (C:\Users\aleja\.m2\repository\net\bytebuddy\byte-buddy-agent\1.17.6\byte-buddy-agent-1.17.6.jar)
WARNING: If a serviceability tool is in use, please run with -XX:+EnableDynamicAgentLoading to hide this warning
WARNING: If a serviceability tool is not in use, please run with -Djdk.instrument.traceUsage for more information
WARNING: Dynamic loading of agents will be disallowed by default in a future release
]]></system-err>
  </testcase>
</testsuite>